<?xml version="1.0" encoding="UTF-8"?>
<!-- Generated by org.testng.reporters.JUnitReportReporter -->
<testsuite hostname="tranthivan" failures="0" tests="2" name="spectos.com.test.SinglePage_Test" time="18.087" errors="0" timestamp="06 Sep 2018 05:17:43 GMT" skipped="0">
  <testcase classname="spectos.com.test.SinglePage_Test" name="testcase_2" time="6.830"/>
  <testcase classname="spectos.com.test.SinglePage_Test" name="testcase_1" time="11.257"/>
</testsuite> <!-- spectos.com.test.SinglePage_Test -->
