<?xml version="1.0" encoding="UTF-8"?>
<!-- Generated by org.testng.reporters.JUnitReportReporter -->
<testsuite hostname="tranthivan" failures="0" tests="1" name="spectos.com.test.test" time="10.858" errors="0" timestamp="24 Aug 2018 03:59:32 GMT" skipped="0">
  <testcase classname="spectos.com.test.test" name="test1" time="10.858"/>
</testsuite> <!-- spectos.com.test.test -->
